0 verbose cli [
0 verbose cli   '/opt/homebrew/Cellar/node/17.0.1/bin/node',
0 verbose cli   '/opt/homebrew/bin/npm',
0 verbose cli   'install',
0 verbose cli   '@reduxjs/toolkit'
0 verbose cli ]
1 info using npm@8.1.0
2 info using node@v17.0.1
3 timing npm:load:whichnode Completed in 0ms
4 timing config:load:defaults Completed in 0ms
5 timing config:load:file:/opt/homebrew/lib/node_modules/npm/npmrc Completed in 1ms
6 timing config:load:builtin Completed in 1ms
7 timing config:load:cli Completed in 1ms
8 timing config:load:env Completed in 0ms
9 timing config:load:project Completed in 1ms
10 timing config:load:file:/Users/dariodelrio/.npmrc Completed in 0ms
11 timing config:load:user Completed in 0ms
12 timing config:load:file:/opt/homebrew/etc/npmrc Completed in 0ms
13 timing config:load:global Completed in 0ms
14 timing config:load:validate Completed in 0ms
15 timing config:load:credentials Completed in 0ms
16 timing config:load:setEnvs Completed in 1ms
17 timing config:load Completed in 4ms
18 timing npm:load:configload Completed in 4ms
19 timing npm:load:setTitle Completed in 2ms
20 timing npm:load:setupLog Completed in 1ms
21 timing config:load:flatten Completed in 1ms
22 timing npm:load:cleanupLog Completed in 1ms
23 timing npm:load:configScope Completed in 0ms
24 timing npm:load:projectScope Completed in 0ms
25 timing npm:load Completed in 9ms
26 timing arborist:ctor Completed in 0ms
27 timing idealTree:init Completed in 22ms
28 timing idealTree:userRequests Completed in 0ms
29 silly idealTree buildDeps
30 silly fetch manifest @reduxjs/toolkit@*
31 timing arborist:ctor Completed in 0ms
32 http fetch GET 200 https://registry.npmjs.org/@reduxjs%2ftoolkit 1261ms (cache miss)
33 silly fetch manifest react@^16.9.0 || ^17.0.0 || 18.0.0-beta
34 http fetch GET 200 https://registry.npmjs.org/react 165ms (cache updated)
35 silly fetch manifest react-redux@^7.2.1 || ^8.0.0-beta
36 http fetch GET 200 https://registry.npmjs.org/react-redux 66ms (cache miss)
37 silly placeDep ROOT @reduxjs/toolkit@1.7.1 OK for:  want: *
38 silly fetch manifest immer@^9.0.7
39 silly fetch manifest redux@^4.1.2
40 silly fetch manifest redux-thunk@^2.4.1
41 silly fetch manifest reselect@^4.1.5
42 http fetch GET 200 https://registry.npmjs.org/immer 137ms (cache revalidated)
43 http fetch GET 200 https://registry.npmjs.org/redux-thunk 141ms (cache miss)
44 http fetch GET 200 https://registry.npmjs.org/redux 443ms (cache miss)
45 http fetch GET 200 https://registry.npmjs.org/reselect 459ms (cache miss)
46 timing idealTree:#root Completed in 1978ms
47 silly placeDep ROOT immer@9.0.7 OK for: @reduxjs/toolkit@1.7.1 want: ^9.0.7
48 silly placeDep ROOT redux@4.1.2 OK for: @reduxjs/toolkit@1.7.1 want: ^4.1.2
49 silly placeDep ROOT redux-thunk@2.4.1 OK for: @reduxjs/toolkit@1.7.1 want: ^2.4.1
50 silly placeDep ROOT reselect@4.1.5 OK for: @reduxjs/toolkit@1.7.1 want: ^4.1.5
51 silly fetch manifest @babel/runtime@^7.9.2
52 http fetch GET 200 https://registry.npmjs.org/@babel%2fruntime 63ms (cache updated)
53 timing idealTree:node_modules/@reduxjs/toolkit Completed in 72ms
54 timing idealTree:node_modules/immer Completed in 0ms
55 silly placeDep ROOT @babel/runtime@7.16.5 OK for: redux@4.1.2 want: ^7.9.2
56 silly fetch manifest regenerator-runtime@^0.13.4
57 timing idealTree:node_modules/redux Completed in 48ms
58 silly placeDep node_modules/@babel/runtime regenerator-runtime@ OK for: @babel/runtime@7.16.5 want: ^0.13.4
59 timing idealTree:node_modules/@babel/runtime Completed in 1ms
60 timing idealTree:node_modules/redux-thunk Completed in 0ms
61 timing idealTree:node_modules/reselect Completed in 0ms
62 timing idealTree:node_modules/@babel/runtime/node_modules/regenerator-runtime Completed in 0ms
63 timing idealTree:buildDeps Completed in 2100ms
64 timing idealTree:fixDepFlags Completed in 1ms
65 timing idealTree Completed in 2124ms
66 timing command:install Completed in 2130ms
67 verbose type system
68 verbose stack FetchError: Invalid response body while trying to fetch https://registry.npmjs.org/regenerator-runtime: ENOENT: no such file or directory, lstat '/Users/dariodelrio/.npm/_cacache/content-v2/sha512/7e/87/448bdf356e70cd1415a0212b8484bc838ed1c360f9b47c0e30a342659c7d1b76ec4330c07cbbae852be53cad4cd15e9ecc19c61820b962ee8144af7a3eb1'
68 verbose stack     at /opt/homebrew/lib/node_modules/npm/node_modules/minipass-fetch/lib/body.js:162:15
68 verbose stack     at async Promise.all (index 0)
68 verbose stack     at async Arborist.[buildDepStep] (/opt/homebrew/lib/node_modules/npm/node_modules/@npmcli/arborist/lib/arborist/build-ideal-tree.js:1046:5)
68 verbose stack     at async Arborist.buildIdealTree (/opt/homebrew/lib/node_modules/npm/node_modules/@npmcli/arborist/lib/arborist/build-ideal-tree.js:216:7)
68 verbose stack     at async Promise.all (index 1)
68 verbose stack     at async Arborist.reify (/opt/homebrew/lib/node_modules/npm/node_modules/@npmcli/arborist/lib/arborist/reify.js:149:5)
68 verbose stack     at async Install.install (/opt/homebrew/lib/node_modules/npm/lib/install.js:170:5)
69 verbose cwd /Users/dariodelrio
70 verbose Darwin 20.6.0
71 verbose argv "/opt/homebrew/Cellar/node/17.0.1/bin/node" "/opt/homebrew/bin/npm" "install" "@reduxjs/toolkit"
72 verbose node v17.0.1
73 verbose npm  v8.1.0
74 error code ENOENT
75 error syscall lstat
76 error path /Users/dariodelrio/.npm/_cacache/content-v2/sha512/7e/87/448bdf356e70cd1415a0212b8484bc838ed1c360f9b47c0e30a342659c7d1b76ec4330c07cbbae852be53cad4cd15e9ecc19c61820b962ee8144af7a3eb1
77 error errno ENOENT
78 error enoent Invalid response body while trying to fetch https://registry.npmjs.org/regenerator-runtime: ENOENT: no such file or directory, lstat '/Users/dariodelrio/.npm/_cacache/content-v2/sha512/7e/87/448bdf356e70cd1415a0212b8484bc838ed1c360f9b47c0e30a342659c7d1b76ec4330c07cbbae852be53cad4cd15e9ecc19c61820b962ee8144af7a3eb1'
79 error enoent This is related to npm not being able to find a file.
80 verbose exit 1
