0 verbose cli [
0 verbose cli   '/opt/homebrew/Cellar/node/17.0.1/bin/node',
0 verbose cli   '/opt/homebrew/bin/npm',
0 verbose cli   'install',
0 verbose cli   '--no-audit',
0 verbose cli   '--save',
0 verbose cli   '@reduxjs/toolkit@^1.5.1',
0 verbose cli   '@testing-library/jest-dom@^4.2.4',
0 verbose cli   '@testing-library/react@^9.3.2',
0 verbose cli   '@testing-library/user-event@^7.1.2',
0 verbose cli   'react-redux@^7.2.3'
0 verbose cli ]
1 info using npm@8.1.0
2 info using node@v17.0.1
3 timing npm:load:whichnode Completed in 0ms
4 timing config:load:defaults Completed in 0ms
5 timing config:load:file:/opt/homebrew/lib/node_modules/npm/npmrc Completed in 1ms
6 timing config:load:builtin Completed in 1ms
7 timing config:load:cli Completed in 1ms
8 timing config:load:env Completed in 1ms
9 timing config:load:file:/Users/dariodelrio/Data/Projects/React/discord-clone/.npmrc Completed in 0ms
10 timing config:load:project Completed in 0ms
11 timing config:load:file:/Users/dariodelrio/.npmrc Completed in 0ms
12 timing config:load:user Completed in 0ms
13 timing config:load:file:/opt/homebrew/etc/npmrc Completed in 0ms
14 timing config:load:global Completed in 0ms
15 timing config:load:validate Completed in 0ms
16 timing config:load:credentials Completed in 1ms
17 timing config:load:setEnvs Completed in 0ms
18 timing config:load Completed in 4ms
19 timing npm:load:configload Completed in 4ms
20 timing npm:load:setTitle Completed in 3ms
21 timing npm:load:setupLog Completed in 0ms
22 timing config:load:flatten Completed in 1ms
23 timing npm:load:cleanupLog Completed in 1ms
24 timing npm:load:configScope Completed in 0ms
25 timing npm:load:projectScope Completed in 1ms
26 timing npm:load Completed in 11ms
27 timing arborist:ctor Completed in 0ms
28 timing idealTree:init Completed in 261ms
29 timing idealTree:userRequests Completed in 1ms
30 silly idealTree buildDeps
31 silly fetch manifest @reduxjs/toolkit@^1.5.1
32 timing arborist:ctor Completed in 0ms
33 http fetch GET 200 https://registry.npmjs.org/@reduxjs%2ftoolkit 518ms (cache revalidated)
34 silly fetch manifest react@^17.0.2
35 http fetch GET 200 https://registry.npmjs.org/react 8ms (cache hit)
36 silly fetch manifest react-redux@^7.2.3
37 http fetch GET 200 https://registry.npmjs.org/react-redux 47ms (cache revalidated)
38 silly fetch manifest @testing-library/jest-dom@^4.2.4
39 http fetch GET 200 https://registry.npmjs.org/@testing-library%2fjest-dom 887ms (cache revalidated)
40 silly fetch manifest @testing-library/react@^9.3.2
41 http fetch GET 200 https://registry.npmjs.org/@testing-library%2freact 969ms (cache revalidated)
42 silly fetch manifest react-dom@^17.0.2
43 http fetch GET 200 https://registry.npmjs.org/react-dom 9ms (cache hit)
44 silly fetch manifest @testing-library/user-event@^7.1.2
45 http fetch GET 200 https://registry.npmjs.org/@testing-library%2fuser-event 914ms (cache updated)
46 silly fetch manifest @testing-library/dom@>=5
47 silly placeDep ROOT @reduxjs/toolkit@1.7.1 OK for: discord-clone@0.1.0 want: ^1.5.1
48 silly placeDep ROOT @testing-library/jest-dom@4.2.4 OK for: discord-clone@0.1.0 want: ^4.2.4
49 silly placeDep ROOT @testing-library/react@9.5.0 OK for: discord-clone@0.1.0 want: ^9.3.2
50 silly placeDep ROOT @testing-library/user-event@7.2.1 OK for: discord-clone@0.1.0 want: ^7.1.2
51 silly placeDep ROOT react-redux@7.2.6 OK for: discord-clone@0.1.0 want: ^7.2.3
52 silly fetch manifest redux@^4.1.2
53 silly fetch manifest redux-thunk@^2.4.1
54 silly fetch manifest reselect@^4.1.5
55 silly fetch manifest css@^2.2.3
56 silly fetch manifest css.escape@^1.5.1
57 silly fetch manifest jest-diff@^24.0.0
58 silly fetch manifest jest-matcher-utils@^24.0.0
59 silly fetch manifest pretty-format@^24.0.0
60 silly fetch manifest redent@^3.0.0
61 silly fetch manifest @testing-library/dom@^6.15.0
62 silly fetch manifest @types/testing-library__react@^9.1.2
63 silly fetch manifest @types/react-redux@^7.1.20
64 silly fetch manifest hoist-non-react-statics@^3.3.2
65 http fetch GET 200 https://registry.npmjs.org/pretty-format 28ms (cache hit)
66 http fetch GET 200 https://registry.npmjs.org/jest-diff 30ms (cache hit)
67 http fetch GET 200 https://registry.npmjs.org/jest-matcher-utils 33ms (cache hit)
68 http fetch GET 200 https://registry.npmjs.org/@testing-library%2fdom 122ms (cache miss)
69 http fetch GET 200 https://registry.npmjs.org/redux 176ms (cache revalidated)
70 http fetch GET 200 https://registry.npmjs.org/redux-thunk 185ms (cache revalidated)
71 http fetch GET 200 https://registry.npmjs.org/@types%2freact-redux 187ms (cache revalidated)
72 http fetch GET 200 https://registry.npmjs.org/reselect 600ms (cache revalidated)
73 http fetch GET 200 https://registry.npmjs.org/hoist-non-react-statics 600ms (cache revalidated)
74 http fetch GET 200 https://registry.npmjs.org/@types%2ftesting-library__react 1008ms (cache miss)
75 timing idealTree:#root Completed in 5320ms
76 silly placeDep ROOT redux@4.1.2 OK for: @reduxjs/toolkit@1.7.1 want: ^4.1.2
77 silly placeDep ROOT redux-thunk@2.4.1 OK for: @reduxjs/toolkit@1.7.1 want: ^2.4.1
78 silly placeDep ROOT reselect@4.1.5 OK for: @reduxjs/toolkit@1.7.1 want: ^4.1.5
79 timing idealTree:node_modules/@reduxjs/toolkit Completed in 7ms
80 silly placeDep node_modules/@testing-library/jest-dom css@ OK for: @testing-library/jest-dom@4.2.4 want: ^2.2.3
81 silly placeDep node_modules/@testing-library/jest-dom css.escape@ OK for: @testing-library/jest-dom@4.2.4 want: ^1.5.1
82 silly placeDep node_modules/@testing-library/jest-dom jest-diff@24.9.0 OK for: @testing-library/jest-dom@4.2.4 want: ^24.0.0
83 silly placeDep node_modules/@testing-library/jest-dom jest-matcher-utils@24.9.0 OK for: @testing-library/jest-dom@4.2.4 want: ^24.0.0
84 silly placeDep node_modules/@testing-library/jest-dom pretty-format@24.9.0 OK for: @testing-library/jest-dom@4.2.4 want: ^24.0.0
85 silly placeDep node_modules/@testing-library/jest-dom redent@ OK for: @testing-library/jest-dom@4.2.4 want: ^3.0.0
86 silly fetch manifest diff-sequences@^24.9.0
87 silly fetch manifest jest-get-type@^24.9.0
88 silly fetch manifest @jest/types@^24.9.0
89 silly fetch manifest ansi-regex@^4.0.0
90 silly fetch manifest react-is@^16.8.4
91 http fetch GET 200 https://registry.npmjs.org/ansi-regex 10ms (cache hit)
92 http fetch GET 200 https://registry.npmjs.org/@jest%2ftypes 12ms (cache hit)
93 http fetch GET 200 https://registry.npmjs.org/jest-get-type 13ms (cache hit)
94 http fetch GET 200 https://registry.npmjs.org/diff-sequences 15ms (cache hit)
95 http fetch GET 200 https://registry.npmjs.org/react-is 16ms (cache hit)
96 timing idealTree:node_modules/@testing-library/jest-dom Completed in 32ms
97 silly placeDep ROOT @testing-library/dom@6.16.0 OK for: @testing-library/react@9.5.0 want: ^6.15.0
98 silly placeDep ROOT @types/testing-library__react@9.1.3 OK for: @testing-library/react@9.5.0 want: ^9.1.2
99 silly fetch manifest @sheerun/mutationobserver-shim@^0.3.2
100 silly fetch manifest @types/testing-library__dom@^6.12.1
101 silly fetch manifest dom-accessibility-api@^0.3.0
102 silly fetch manifest pretty-format@^25.1.0
103 silly fetch manifest wait-for-expect@^3.0.2
104 silly fetch manifest @types/react-dom@*
105 silly fetch manifest @types/testing-library__dom@*
106 http fetch GET 200 https://registry.npmjs.org/@types%2freact-dom 66ms (cache updated)
107 http fetch GET 200 https://registry.npmjs.org/wait-for-expect 471ms (cache miss)
108 http fetch GET 200 https://registry.npmjs.org/@types%2ftesting-library__dom 879ms (cache miss)
109 http fetch GET 200 https://registry.npmjs.org/@sheerun%2fmutationobserver-shim 880ms (cache miss)
110 timing idealTree:node_modules/@testing-library/react Completed in 883ms
111 silly placeDep ROOT @sheerun/mutationobserver-shim@0.3.3 OK for: @testing-library/dom@6.16.0 want: ^0.3.2
112 silly placeDep ROOT @types/testing-library__dom@6.14.0 OK for: @testing-library/dom@6.16.0 want: ^6.12.1
113 silly placeDep node_modules/@testing-library/dom dom-accessibility-api@ OK for: @testing-library/dom@6.16.0 want: ^0.3.0
114 silly placeDep node_modules/@testing-library/dom pretty-format@25.5.0 OK for: @testing-library/dom@6.16.0 want: ^25.1.0
115 silly placeDep ROOT wait-for-expect@3.0.2 OK for: @testing-library/dom@6.16.0 want: ^3.0.2
116 silly fetch manifest pretty-format@^24.3.0
117 silly fetch manifest @jest/types@^25.5.0
118 silly fetch manifest ansi-styles@^4.0.0
119 silly fetch manifest react-is@^16.12.0
120 http fetch GET 200 https://registry.npmjs.org/ansi-styles 9ms (cache hit)
121 timing idealTree:node_modules/@testing-library/dom Completed in 18ms
122 timing idealTree:node_modules/@sheerun/mutationobserver-shim Completed in 1ms
123 timing idealTree:node_modules/@testing-library/user-event Completed in 0ms
124 silly placeDep node_modules/@types/testing-library__dom pretty-format@24.9.0 OK for: @types/testing-library__dom@6.14.0 want: ^24.3.0
125 timing idealTree:node_modules/@types/testing-library__dom Completed in 1ms
126 silly placeDep ROOT @types/react-dom@17.0.11 OK for: @types/testing-library__react@9.1.3 want: *
127 silly placeDep node_modules/@types/testing-library__react pretty-format@25.5.0 OK for: @types/testing-library__react@9.1.3 want: ^25.1.0
128 silly fetch manifest @types/react@*
129 http fetch GET 200 https://registry.npmjs.org/@types%2freact 61ms (cache revalidated)
130 timing idealTree:node_modules/@types/testing-library__react Completed in 65ms
131 silly placeDep ROOT @types/react@17.0.37 OK for: @types/react-dom@17.0.11 want: *
132 silly fetch manifest @types/prop-types@*
133 silly fetch manifest @types/scheduler@*
134 silly fetch manifest csstype@^3.0.2
135 http fetch GET 200 https://registry.npmjs.org/@types%2fscheduler 59ms (cache revalidated)
136 http fetch GET 200 https://registry.npmjs.org/csstype 412ms (cache revalidated)
137 http fetch GET 200 https://registry.npmjs.org/@types%2fprop-types 775ms (cache revalidated)
138 timing idealTree:node_modules/@types/react-dom Completed in 778ms
139 silly placeDep ROOT @types/prop-types@15.7.4 OK for: @types/react@17.0.37 want: *
140 silly placeDep ROOT @types/scheduler@0.16.2 OK for: @types/react@17.0.37 want: *
141 silly placeDep ROOT csstype@3.0.10 OK for: @types/react@17.0.37 want: ^3.0.2
142 timing idealTree:node_modules/@types/react Completed in 5ms
143 timing idealTree:node_modules/@types/prop-types Completed in 0ms
144 timing idealTree:node_modules/@types/scheduler Completed in 0ms
145 timing idealTree:node_modules/csstype Completed in 0ms
146 silly placeDep ROOT @types/react-redux@7.1.20 OK for: react-redux@7.2.6 want: ^7.1.20
147 silly placeDep ROOT hoist-non-react-statics@3.3.2 OK for: react-redux@7.2.6 want: ^3.3.2
148 silly fetch manifest @types/hoist-non-react-statics@^3.3.0
149 silly fetch manifest react-is@^16.7.0
150 http fetch GET 200 https://registry.npmjs.org/@types%2fhoist-non-react-statics 75ms (cache revalidated)
151 timing idealTree:node_modules/react-redux Completed in 79ms
152 silly placeDep ROOT @types/hoist-non-react-statics@3.3.1 OK for: @types/react-redux@7.1.20 want: ^3.3.0
153 timing idealTree:node_modules/@types/react-redux Completed in 3ms
154 timing idealTree:node_modules/@types/hoist-non-react-statics Completed in 0ms
155 silly placeDep node_modules/hoist-non-react-statics react-is@16.13.1 OK for: hoist-non-react-statics@3.3.2 want: ^16.7.0
156 timing idealTree:node_modules/hoist-non-react-statics Completed in 1ms
157 timing idealTree:node_modules/redux Completed in 0ms
158 timing idealTree:node_modules/redux-thunk Completed in 0ms
159 timing idealTree:node_modules/reselect Completed in 0ms
160 timing idealTree:node_modules/wait-for-expect Completed in 0ms
161 timing idealTree:node_modules/@testing-library/dom/node_modules/dom-accessibility-api Completed in 0ms
162 silly placeDep node_modules/@testing-library/dom @jest/types@25.5.0 OK for: pretty-format@25.5.0 want: ^25.5.0
163 silly placeDep node_modules/@testing-library/dom ansi-styles@4.3.0 OK for: pretty-format@25.5.0 want: ^4.0.0
164 silly placeDep node_modules/@testing-library/dom react-is@16.13.1 OK for: pretty-format@25.5.0 want: ^16.12.0
165 silly fetch manifest @types/istanbul-reports@^1.1.1
166 silly fetch manifest @types/yargs@^15.0.0
167 silly fetch manifest chalk@^3.0.0
168 silly fetch manifest color-convert@^2.0.1
169 http fetch GET 200 https://registry.npmjs.org/@types%2fistanbul-reports 8ms (cache hit)
170 http fetch GET 200 https://registry.npmjs.org/chalk 8ms (cache hit)
171 http fetch GET 200 https://registry.npmjs.org/@types%2fyargs 9ms (cache hit)
172 http fetch GET 200 https://registry.npmjs.org/color-convert 10ms (cache hit)
173 timing idealTree:node_modules/@testing-library/dom/node_modules/pretty-format Completed in 15ms
174 silly placeDep node_modules/@testing-library/dom @types/istanbul-reports@1.1.2 OK for: @jest/types@25.5.0 want: ^1.1.1
175 silly placeDep node_modules/@testing-library/dom @types/yargs@15.0.14 OK for: @jest/types@25.5.0 want: ^15.0.0
176 silly placeDep node_modules/@testing-library/dom chalk@3.0.0 OK for: @jest/types@25.5.0 want: ^3.0.0
177 silly fetch manifest supports-color@^7.1.0
178 http fetch GET 200 https://registry.npmjs.org/supports-color 5ms (cache hit)
179 timing idealTree:node_modules/@testing-library/dom/node_modules/@jest/types Completed in 8ms
180 timing idealTree:node_modules/@testing-library/dom/node_modules/@types/istanbul-reports Completed in 0ms
181 timing idealTree:node_modules/@testing-library/dom/node_modules/@types/yargs Completed in 0ms
182 silly placeDep node_modules/@testing-library/dom color-convert@2.0.1 OK for: ansi-styles@4.3.0 want: ^2.0.1
183 silly fetch manifest color-name@~1.1.4
184 http fetch GET 200 https://registry.npmjs.org/color-name 2ms (cache hit)
185 timing idealTree:node_modules/@testing-library/dom/node_modules/ansi-styles Completed in 3ms
186 silly placeDep node_modules/@testing-library/dom supports-color@7.2.0 OK for: chalk@3.0.0 want: ^7.1.0
187 silly fetch manifest has-flag@^4.0.0
188 http fetch GET 200 https://registry.npmjs.org/has-flag 2ms (cache hit)
189 timing idealTree:node_modules/@testing-library/dom/node_modules/chalk Completed in 4ms
190 silly placeDep node_modules/@testing-library/dom color-name@1.1.4 OK for: color-convert@2.0.1 want: ~1.1.4
191 timing idealTree:node_modules/@testing-library/dom/node_modules/color-convert Completed in 2ms
192 timing idealTree:node_modules/@testing-library/dom/node_modules/color-name Completed in 0ms
193 timing idealTree:node_modules/@testing-library/dom/node_modules/react-is Completed in 0ms
194 silly placeDep node_modules/@testing-library/dom has-flag@4.0.0 OK for: supports-color@7.2.0 want: ^4.0.0
195 timing idealTree:node_modules/@testing-library/dom/node_modules/supports-color Completed in 0ms
196 timing idealTree:node_modules/@testing-library/dom/node_modules/has-flag Completed in 0ms
197 timing idealTree:node_modules/@testing-library/jest-dom/node_modules/css Completed in 0ms
198 timing idealTree:node_modules/@testing-library/jest-dom/node_modules/css.escape Completed in 0ms
199 silly placeDep node_modules/@testing-library/jest-dom diff-sequences@24.9.0 OK for: jest-diff@24.9.0 want: ^24.9.0
200 silly placeDep node_modules/@testing-library/jest-dom jest-get-type@24.9.0 OK for: jest-diff@24.9.0 want: ^24.9.0
201 timing idealTree:node_modules/@testing-library/jest-dom/node_modules/jest-diff Completed in 2ms
202 timing idealTree:node_modules/@testing-library/jest-dom/node_modules/diff-sequences Completed in 0ms
203 timing idealTree:node_modules/@testing-library/jest-dom/node_modules/jest-get-type Completed in 0ms
204 timing idealTree:node_modules/@testing-library/jest-dom/node_modules/jest-matcher-utils Completed in 0ms
205 silly placeDep node_modules/@testing-library/jest-dom @jest/types@24.9.0 OK for: pretty-format@24.9.0 want: ^24.9.0
206 silly placeDep node_modules/@testing-library/jest-dom ansi-regex@4.1.0 OK for: pretty-format@24.9.0 want: ^4.0.0
207 silly placeDep node_modules/@testing-library/jest-dom react-is@16.13.1 OK for: pretty-format@24.9.0 want: ^16.8.4
208 silly fetch manifest @types/yargs@^13.0.0
209 timing idealTree:node_modules/@testing-library/jest-dom/node_modules/pretty-format Completed in 2ms
210 silly placeDep node_modules/@testing-library/jest-dom @types/istanbul-reports@1.1.2 OK for: @jest/types@24.9.0 want: ^1.1.1
211 silly placeDep node_modules/@testing-library/jest-dom @types/yargs@13.0.12 OK for: @jest/types@24.9.0 want: ^13.0.0
212 timing idealTree:node_modules/@testing-library/jest-dom/node_modules/@jest/types Completed in 1ms
213 timing idealTree:node_modules/@testing-library/jest-dom/node_modules/@types/istanbul-reports Completed in 0ms
214 timing idealTree:node_modules/@testing-library/jest-dom/node_modules/@types/yargs Completed in 0ms
215 timing idealTree:node_modules/@testing-library/jest-dom/node_modules/ansi-regex Completed in 0ms
216 timing idealTree:node_modules/@testing-library/jest-dom/node_modules/react-is Completed in 0ms
217 timing idealTree:node_modules/@testing-library/jest-dom/node_modules/redent Completed in 0ms
218 silly placeDep node_modules/@types/testing-library__dom @jest/types@24.9.0 OK for: pretty-format@24.9.0 want: ^24.9.0
219 silly placeDep node_modules/@types/testing-library__dom ansi-regex@4.1.0 OK for: pretty-format@24.9.0 want: ^4.0.0
220 silly placeDep node_modules/@types/testing-library__dom react-is@16.13.1 OK for: pretty-format@24.9.0 want: ^16.8.4
221 timing idealTree:node_modules/@types/testing-library__dom/node_modules/pretty-format Completed in 1ms
222 silly placeDep node_modules/@types/testing-library__dom @types/istanbul-reports@1.1.2 OK for: @jest/types@24.9.0 want: ^1.1.1
223 silly placeDep node_modules/@types/testing-library__dom @types/yargs@13.0.12 OK for: @jest/types@24.9.0 want: ^13.0.0
224 timing idealTree:node_modules/@types/testing-library__dom/node_modules/@jest/types Completed in 1ms
225 timing idealTree:node_modules/@types/testing-library__dom/node_modules/@types/istanbul-reports Completed in 0ms
226 timing idealTree:node_modules/@types/testing-library__dom/node_modules/@types/yargs Completed in 0ms
227 timing idealTree:node_modules/@types/testing-library__dom/node_modules/ansi-regex Completed in 0ms
228 timing idealTree:node_modules/@types/testing-library__dom/node_modules/react-is Completed in 0ms
229 silly placeDep node_modules/@types/testing-library__react @jest/types@25.5.0 OK for: pretty-format@25.5.0 want: ^25.5.0
230 silly placeDep node_modules/@types/testing-library__react ansi-styles@4.3.0 OK for: pretty-format@25.5.0 want: ^4.0.0
231 silly placeDep node_modules/@types/testing-library__react react-is@16.13.1 OK for: pretty-format@25.5.0 want: ^16.12.0
232 timing idealTree:node_modules/@types/testing-library__react/node_modules/pretty-format Completed in 1ms
233 silly placeDep node_modules/@types/testing-library__react @types/istanbul-reports@1.1.2 OK for: @jest/types@25.5.0 want: ^1.1.1
234 silly placeDep node_modules/@types/testing-library__react @types/yargs@15.0.14 OK for: @jest/types@25.5.0 want: ^15.0.0
235 silly placeDep node_modules/@types/testing-library__react chalk@3.0.0 OK for: @jest/types@25.5.0 want: ^3.0.0
236 timing idealTree:node_modules/@types/testing-library__react/node_modules/@jest/types Completed in 1ms
237 timing idealTree:node_modules/@types/testing-library__react/node_modules/@types/istanbul-reports Completed in 0ms
238 timing idealTree:node_modules/@types/testing-library__react/node_modules/@types/yargs Completed in 0ms
239 silly placeDep node_modules/@types/testing-library__react color-convert@2.0.1 OK for: ansi-styles@4.3.0 want: ^2.0.1
240 timing idealTree:node_modules/@types/testing-library__react/node_modules/ansi-styles Completed in 1ms
241 silly placeDep node_modules/@types/testing-library__react supports-color@7.2.0 OK for: chalk@3.0.0 want: ^7.1.0
242 timing idealTree:node_modules/@types/testing-library__react/node_modules/chalk Completed in 0ms
243 silly placeDep node_modules/@types/testing-library__react color-name@1.1.4 OK for: color-convert@2.0.1 want: ~1.1.4
244 timing idealTree:node_modules/@types/testing-library__react/node_modules/color-convert Completed in 0ms
245 timing idealTree:node_modules/@types/testing-library__react/node_modules/color-name Completed in 0ms
246 timing idealTree:node_modules/@types/testing-library__react/node_modules/react-is Completed in 0ms
247 silly placeDep node_modules/@types/testing-library__react has-flag@4.0.0 OK for: supports-color@7.2.0 want: ^4.0.0
248 timing idealTree:node_modules/@types/testing-library__react/node_modules/supports-color Completed in 1ms
249 timing idealTree:node_modules/@types/testing-library__react/node_modules/has-flag Completed in 0ms
250 timing idealTree:node_modules/hoist-non-react-statics/node_modules/react-is Completed in 0ms
251 timing idealTree:buildDeps Completed in 7239ms
252 timing idealTree:fixDepFlags Completed in 10ms
253 timing idealTree Completed in 7513ms
254 timing command:install Completed in 7518ms
255 verbose type system
256 verbose stack FetchError: Invalid response body while trying to fetch https://registry.npmjs.org/css: ENOENT: no such file or directory, lstat '/Users/dariodelrio/.npm/_cacache/content-v2/sha512/39/64/a7cda39ab3c4c2cdc1fd5929c385949e4f6606d3570ffd2047d226bdb3a8c2eceb795f0ce74961af2a2bdd7b7fa453fe1b79562bd8283ab752e78980c75d'
256 verbose stack     at /opt/homebrew/lib/node_modules/npm/node_modules/minipass-fetch/lib/body.js:162:15
256 verbose stack     at async Promise.all (index 3)
256 verbose stack     at async Arborist.[buildDepStep] (/opt/homebrew/lib/node_modules/npm/node_modules/@npmcli/arborist/lib/arborist/build-ideal-tree.js:1046:5)
256 verbose stack     at async Arborist.buildIdealTree (/opt/homebrew/lib/node_modules/npm/node_modules/@npmcli/arborist/lib/arborist/build-ideal-tree.js:216:7)
256 verbose stack     at async Promise.all (index 1)
256 verbose stack     at async Arborist.reify (/opt/homebrew/lib/node_modules/npm/node_modules/@npmcli/arborist/lib/arborist/reify.js:149:5)
256 verbose stack     at async Install.install (/opt/homebrew/lib/node_modules/npm/lib/install.js:170:5)
257 verbose cwd /Users/dariodelrio/Data/Projects/React/discord-clone
258 verbose Darwin 20.6.0
259 verbose argv "/opt/homebrew/Cellar/node/17.0.1/bin/node" "/opt/homebrew/bin/npm" "install" "--no-audit" "--save" "@reduxjs/toolkit@^1.5.1" "@testing-library/jest-dom@^4.2.4" "@testing-library/react@^9.3.2" "@testing-library/user-event@^7.1.2" "react-redux@^7.2.3"
260 verbose node v17.0.1
261 verbose npm  v8.1.0
262 error code ENOENT
263 error syscall lstat
264 error path /Users/dariodelrio/.npm/_cacache/content-v2/sha512/39/64/a7cda39ab3c4c2cdc1fd5929c385949e4f6606d3570ffd2047d226bdb3a8c2eceb795f0ce74961af2a2bdd7b7fa453fe1b79562bd8283ab752e78980c75d
265 error errno ENOENT
266 error enoent Invalid response body while trying to fetch https://registry.npmjs.org/css: ENOENT: no such file or directory, lstat '/Users/dariodelrio/.npm/_cacache/content-v2/sha512/39/64/a7cda39ab3c4c2cdc1fd5929c385949e4f6606d3570ffd2047d226bdb3a8c2eceb795f0ce74961af2a2bdd7b7fa453fe1b79562bd8283ab752e78980c75d'
267 error enoent This is related to npm not being able to find a file.
268 verbose exit 1
