0 verbose cli [
0 verbose cli   '/opt/homebrew/Cellar/node/17.0.1/bin/node',
0 verbose cli   '/opt/homebrew/lib/node_modules/npm/bin/npm-cli.js',
0 verbose cli   'exec',
0 verbose cli   '--',
0 verbose cli   'install',
0 verbose cli   'react-redux'
0 verbose cli ]
1 info using npm@8.1.0
2 info using node@v17.0.1
3 timing npm:load:whichnode Completed in 1ms
4 timing config:load:defaults Completed in 0ms
5 timing config:load:file:/opt/homebrew/lib/node_modules/npm/npmrc Completed in 1ms
6 timing config:load:builtin Completed in 1ms
7 timing config:load:cli Completed in 1ms
8 timing config:load:env Completed in 0ms
9 timing config:load:project Completed in 0ms
10 timing config:load:file:/Users/dariodelrio/.npmrc Completed in 0ms
11 timing config:load:user Completed in 0ms
12 timing config:load:file:/opt/homebrew/etc/npmrc Completed in 0ms
13 timing config:load:global Completed in 0ms
14 timing config:load:validate Completed in 0ms
15 timing config:load:credentials Completed in 1ms
16 timing config:load:setEnvs Completed in 0ms
17 timing config:load Completed in 3ms
18 timing npm:load:configload Completed in 3ms
19 timing npm:load:setTitle Completed in 3ms
20 timing npm:load:setupLog Completed in 0ms
21 timing config:load:flatten Completed in 1ms
22 timing npm:load:cleanupLog Completed in 1ms
23 timing npm:load:configScope Completed in 0ms
24 timing npm:load:projectScope Completed in 0ms
25 timing npm:load Completed in 9ms
26 http fetch GET 200 https://registry.npmjs.org/install 162ms (cache revalidated)
27 timing command:exec Completed in 168ms
28 verbose stack Error: could not determine executable to run
28 verbose stack     at getBinFromManifest (/opt/homebrew/lib/node_modules/npm/node_modules/libnpmexec/lib/get-bin-from-manifest.js:15:23)
28 verbose stack     at exec (/opt/homebrew/lib/node_modules/npm/node_modules/libnpmexec/lib/index.js:113:15)
29 verbose pkgid install@0.13.0
30 verbose cwd /Users/dariodelrio
31 verbose Darwin 20.6.0
32 verbose argv "/opt/homebrew/Cellar/node/17.0.1/bin/node" "/opt/homebrew/lib/node_modules/npm/bin/npm-cli.js" "exec" "--" "install" "react-redux"
33 verbose node v17.0.1
34 verbose npm  v8.1.0
35 error could not determine executable to run
36 verbose exit 1
