0 verbose cli [
0 verbose cli   '/opt/homebrew/Cellar/node/17.0.1/bin/node',
0 verbose cli   '/opt/homebrew/lib/node_modules/npm/bin/npm-cli.js',
0 verbose cli   'exec',
0 verbose cli   '--',
0 verbose cli   'install-create-react-app'
0 verbose cli ]
1 info using npm@8.1.0
2 info using node@v17.0.1
3 timing npm:load:whichnode Completed in 0ms
4 timing config:load:defaults Completed in 1ms
5 timing config:load:file:/opt/homebrew/lib/node_modules/npm/npmrc Completed in 0ms
6 timing config:load:builtin Completed in 0ms
7 timing config:load:cli Completed in 1ms
8 timing config:load:env Completed in 0ms
9 timing config:load:project Completed in 0ms
10 timing config:load:file:/Users/dariodelrio/.npmrc Completed in 0ms
11 timing config:load:user Completed in 0ms
12 timing config:load:file:/opt/homebrew/etc/npmrc Completed in 0ms
13 timing config:load:global Completed in 1ms
14 timing config:load:validate Completed in 0ms
15 timing config:load:credentials Completed in 0ms
16 timing config:load:setEnvs Completed in 0ms
17 timing config:load Completed in 3ms
18 timing npm:load:configload Completed in 3ms
19 timing npm:load:setTitle Completed in 3ms
20 timing npm:load:setupLog Completed in 0ms
21 timing config:load:flatten Completed in 1ms
22 timing npm:load:cleanupLog Completed in 1ms
23 timing npm:load:configScope Completed in 0ms
24 timing npm:load:projectScope Completed in 0ms
25 timing npm:load Completed in 9ms
26 http fetch GET 404 https://registry.npmjs.org/install-create-react-app 703ms (cache skip)
27 http fetch GET 404 https://registry.npmjs.org/install-create-react-app 502ms (cache skip)
28 timing command:exec Completed in 1211ms
29 verbose stack HttpErrorGeneral: 404 Not Found - GET https://registry.npmjs.org/install-create-react-app - Not found
29 verbose stack     at /opt/homebrew/lib/node_modules/npm/node_modules/npm-registry-fetch/check-response.js:95:15
29 verbose stack     at processTicksAndRejections (node:internal/process/task_queues:96:5)
29 verbose stack     at async /opt/homebrew/lib/node_modules/npm/node_modules/libnpmexec/lib/index.js:106:12
29 verbose stack     at async Promise.all (index 0)
29 verbose stack     at async exec (/opt/homebrew/lib/node_modules/npm/node_modules/libnpmexec/lib/index.js:94:17)
30 verbose statusCode 404
31 verbose pkgid install-create-react-app@latest
32 verbose cwd /Users/dariodelrio/Data/Projects/React
33 verbose Darwin 20.6.0
34 verbose argv "/opt/homebrew/Cellar/node/17.0.1/bin/node" "/opt/homebrew/lib/node_modules/npm/bin/npm-cli.js" "exec" "--" "install-create-react-app"
35 verbose node v17.0.1
36 verbose npm  v8.1.0
37 error code E404
38 error 404 Not Found - GET https://registry.npmjs.org/install-create-react-app - Not found
39 error 404
40 error 404 'install-create-react-app@latest' is not in this registry.
41 error 404 You should bug the author to publish it (or use the name yourself!)
42 error 404 Note that you can also install from a
43 error 404 tarball, folder, http url, or git url.
44 verbose exit 1
