0 verbose cli [
0 verbose cli   '/usr/local/bin/node',
0 verbose cli   '/usr/local/bin/npm',
0 verbose cli   'i',
0 verbose cli   '-g',
0 verbose cli   'npm@latest'
0 verbose cli ]
1 info using npm@8.1.0
2 info using node@v16.13.0
3 timing npm:load:whichnode Completed in 1ms
4 timing config:load:defaults Completed in 0ms
5 timing config:load:file:/usr/local/lib/node_modules/npm/npmrc Completed in 1ms
6 timing config:load:builtin Completed in 1ms
7 timing config:load:cli Completed in 0ms
8 timing config:load:env Completed in 1ms
9 timing config:load:file:/Users/dariodelrio/Data/Projects/React/test/.npmrc Completed in 0ms
10 timing config:load:project Completed in 0ms
11 timing config:load:file:/Users/dariodelrio/.npmrc Completed in 0ms
12 timing config:load:user Completed in 0ms
13 timing config:load:file:/usr/local/etc/npmrc Completed in 0ms
14 timing config:load:global Completed in 0ms
15 timing config:load:validate Completed in 0ms
16 timing config:load:credentials Completed in 1ms
17 timing config:load:setEnvs Completed in 0ms
18 timing config:load Completed in 3ms
19 timing npm:load:configload Completed in 3ms
20 timing npm:load:setTitle Completed in 8ms
21 timing npm:load:setupLog Completed in 0ms
22 timing config:load:flatten Completed in 1ms
23 timing npm:load:cleanupLog Completed in 1ms
24 timing npm:load:configScope Completed in 0ms
25 timing npm:load:projectScope Completed in 0ms
26 timing npm:load Completed in 15ms
27 timing arborist:ctor Completed in 1ms
28 timing idealTree:init Completed in 3ms
29 http fetch GET 200 https://registry.npmjs.org/npm 10ms (cache hit)
30 timing idealTree:userRequests Completed in 21ms
31 silly idealTree buildDeps
32 silly fetch manifest npm@8.3.0
33 silly placeDep ROOT npm@8.3.0 OK for:  want: 8.3.0
34 timing idealTree:#root Completed in 3ms
35 timing idealTree:node_modules/npm Completed in 0ms
36 timing idealTree:buildDeps Completed in 5ms
37 timing idealTree:fixDepFlags Completed in 0ms
38 timing idealTree Completed in 29ms
39 timing reify:loadTrees Completed in 99ms
40 timing reify:diffTrees Completed in 2ms
41 silly reify mark retired [
41 silly reify   '/usr/local/lib/node_modules/npm',
41 silly reify   '/usr/local/bin/npm',
41 silly reify   '/usr/local/bin/npx'
41 silly reify ]
42 silly reify moves {
42 silly reify   '/usr/local/lib/node_modules/npm': '/usr/local/lib/node_modules/.npm-i9nnxROI',
42 silly reify   '/usr/local/bin/npm': '/usr/local/bin/.npm-uJtxIR1m',
42 silly reify   '/usr/local/bin/npx': '/usr/local/bin/.npx-xXo12k2C'
42 silly reify }
43 timing reify:rollback:retireShallow Completed in 0ms
44 timing command:install Completed in 2078ms
45 verbose stack Error: EACCES: permission denied, rename '/usr/local/lib/node_modules/npm' -> '/usr/local/lib/node_modules/.npm-i9nnxROI'
46 verbose cwd /Users/dariodelrio/Data/Projects/React/test
47 verbose Darwin 20.6.0
48 verbose argv "/usr/local/bin/node" "/usr/local/bin/npm" "i" "-g" "npm@latest"
49 verbose node v16.13.0
50 verbose npm  v8.1.0
51 error code EACCES
52 error syscall rename
53 error path /usr/local/lib/node_modules/npm
54 error dest /usr/local/lib/node_modules/.npm-i9nnxROI
55 error errno -13
56 error Error: EACCES: permission denied, rename '/usr/local/lib/node_modules/npm' -> '/usr/local/lib/node_modules/.npm-i9nnxROI'
56 error  [Error: EACCES: permission denied, rename '/usr/local/lib/node_modules/npm' -> '/usr/local/lib/node_modules/.npm-i9nnxROI'] {
56 error   errno: -13,
56 error   code: 'EACCES',
56 error   syscall: 'rename',
56 error   path: '/usr/local/lib/node_modules/npm',
56 error   dest: '/usr/local/lib/node_modules/.npm-i9nnxROI'
56 error }
57 error The operation was rejected by your operating system.
57 error It is likely you do not have the permissions to access this file as the current user
57 error
57 error If you believe this might be a permissions issue, please double-check the
57 error permissions of the file and its containing directories, or try running
57 error the command again as root/Administrator.
58 verbose exit -13
