0 verbose cli [
0 verbose cli   '/opt/homebrew/Cellar/node/17.0.1/bin/node',
0 verbose cli   '/opt/homebrew/bin/npm',
0 verbose cli   'view',
0 verbose cli   '--json',
0 verbose cli   'express-session',
0 verbose cli   'description',
0 verbose cli   'dist-tags.latest',
0 verbose cli   'homepage',
0 verbose cli   'version'
0 verbose cli ]
1 info using npm@8.5.0
2 info using node@v17.0.1
3 timing npm:load:whichnode Completed in 0ms
4 timing config:load:defaults Completed in 0ms
5 timing config:load:file:/opt/homebrew/lib/node_modules/npm/npmrc Completed in 1ms
6 timing config:load:builtin Completed in 1ms
7 timing config:load:cli Completed in 1ms
8 timing config:load:env Completed in 0ms
9 timing config:load:file:/Users/dariodelrio/Data/Projects/javascript/express-session-authentication-starter/.npmrc Completed in 0ms
10 timing config:load:project Completed in 2ms
11 timing config:load:file:/Users/dariodelrio/.npmrc Completed in 0ms
12 timing config:load:user Completed in 0ms
13 timing config:load:file:/opt/homebrew/etc/npmrc Completed in 0ms
14 timing config:load:global Completed in 0ms
15 timing config:load:validate Completed in 0ms
16 timing config:load:credentials Completed in 1ms
17 timing config:load:setEnvs Completed in 0ms
18 timing config:load Completed in 5ms
19 timing npm:load:configload Completed in 6ms
20 timing npm:load:setTitle Completed in 2ms
21 timing config:load:flatten Completed in 2ms
22 timing npm:load:display Completed in 2ms
23 verbose logfile /Users/dariodelrio/.npm/_logs/2022-03-29T10_38_33_477Z-debug-0.log
24 timing npm:load:logFile Completed in 2ms
25 timing npm:load:timers Completed in 0ms
26 timing npm:load:configScope Completed in 0ms
27 timing npm:load Completed in 12ms
28 silly logfile start cleaning logs, removing 1 files
29 timing command:view Completed in 728ms
30 verbose exit 0
31 timing npm Completed in 791ms
32 info ok
