0 verbose cli [
0 verbose cli   '/opt/homebrew/Cellar/node/17.0.1/bin/node',
0 verbose cli   '/opt/homebrew/bin/npm',
0 verbose cli   'init'
0 verbose cli ]
1 info using npm@8.5.0
2 info using node@v17.0.1
3 timing npm:load:whichnode Completed in 0ms
4 timing config:load:defaults Completed in 1ms
5 timing config:load:file:/opt/homebrew/lib/node_modules/npm/npmrc Completed in 1ms
6 timing config:load:builtin Completed in 1ms
7 timing config:load:cli Completed in 1ms
8 timing config:load:env Completed in 0ms
9 timing config:load:file:/Users/dariodelrio/Data/Projects/javascript/express-session-authentication-starter/.npmrc Completed in 0ms
10 timing config:load:project Completed in 2ms
11 timing config:load:file:/Users/dariodelrio/.npmrc Completed in 0ms
12 timing config:load:user Completed in 0ms
13 timing config:load:file:/opt/homebrew/etc/npmrc Completed in 0ms
14 timing config:load:global Completed in 0ms
15 timing config:load:validate Completed in 0ms
16 timing config:load:credentials Completed in 1ms
17 timing config:load:setEnvs Completed in 0ms
18 timing config:load Completed in 6ms
19 timing npm:load:configload Completed in 6ms
20 timing npm:load:setTitle Completed in 2ms
21 timing config:load:flatten Completed in 1ms
22 timing npm:load:display Completed in 1ms
23 verbose logfile /Users/dariodelrio/.npm/_logs/2022-03-29T10_37_56_459Z-debug-0.log
24 timing npm:load:logFile Completed in 2ms
25 timing npm:load:timers Completed in 0ms
26 timing npm:load:configScope Completed in 0ms
27 timing npm:load Completed in 12ms
28 silly logfile start cleaning logs, removing 1 files
29 silly package data {
29 silly package data   name: 'express-session-authenticator-starter',
29 silly package data   version: '1.0.0',
29 silly package data   description: 'A tutorial on session based user authentication using Passport JS',
29 silly package data   main: 'app.js',
29 silly package data   scripts: { test: 'echo "Error: no test specified" && exit 1' },
29 silly package data   keywords: [],
29 silly package data   author: '',
29 silly package data   license: 'ISC',
29 silly package data   dependencies: {
29 silly package data     'connect-mongo': '^3.1.2',
29 silly package data     dotenv: '^8.2.0',
29 silly package data     express: '^4.17.3',
29 silly package data     'express-session': '^1.17.0',
29 silly package data     mongoose: '^5.7.12',
29 silly package data     passport: '^0.4.0',
29 silly package data     'passport-local': '^1.0.0'
29 silly package data   },
29 silly package data   directories: { lib: 'lib' },
29 silly package data   devDependencies: {},
29 silly package data   repository: {
29 silly package data     type: 'git',
29 silly package data     url: 'git+https://github.com/zachgoll/express-session-authentication-starter.git'
29 silly package data   },
29 silly package data   bugs: {
29 silly package data     url: 'https://github.com/zachgoll/express-session-authentication-starter/issues'
29 silly package data   },
29 silly package data   homepage: 'https://github.com/zachgoll/express-session-authentication-starter#readme',
29 silly package data   [Symbol(newline)]: '\n',
29 silly package data   [Symbol(indent)]: '  '
29 silly package data }
30 info init written successfully
31 timing command:init Completed in 21943ms
32 verbose exit 0
33 timing npm Completed in 22078ms
34 info ok
